[17:55:06] [INFO]: [Server Thread] Starting minecraft server version 1.8.8
[17:55:06] [INFO]: [Server Thread] Loading properties
[17:55:06] [INFO]: [Server Thread] Default game type: SURVIVAL
[17:55:06] [INFO]: [Server Thread] This server is running PaperSpigot version git-iSpigot-PaperEdition (MC: 1.8.8) (Implementing API version 1.8.8-R0.1-SNAPSHOT)
[17:55:06] [INFO]: [Server Thread] Your platform does not provide complete low-level API for accessing direct buffers reliably. Unless explicitly requested, heap buffer will always be preferred to avoid potential system unstability.
[17:55:06] [INFO]: [Server Thread] Debug logging is disabled
[17:55:06] [INFO]: [Server Thread] Spigot Timings: true - Verbose: true - Interval: 5m - Length: 60m
[17:55:06] [INFO]: [Server Thread] Server Ping Player Sample Count: 12
[17:55:06] [INFO]: [Server Thread] Using 4 threads for Netty based IO
[17:55:07] [INFO]: [Server Thread] Data value allowed items: 
[17:55:07] [INFO]: [Server Thread] Generating keypair
[17:55:07] [INFO]: [Server Thread] Starting Minecraft server on *:25566
[17:55:07] [WARN]: [Server Thread] [Imanity] something wrong happens when resolving classes...
[17:55:07] [INFO]: [Server Thread] Set PluginClassLoader as parallel capable
[17:55:07] [INFO]: [Server Thread] [AutoFly] Loading AutoFly v1.2
[17:55:07] [INFO]: [Server Thread] [FastAsyncWorldEdit] Loading FastAsyncWorldEdit v19.11.13-5505943-1282-22.3.5
[17:55:07] [INFO]: [Server Thread] [NametagEdit] Loading NametagEdit v4.4.10
[17:55:07] [INFO]: [Server Thread] [UltraPermissions] Loading UltraPermissions v4.9.0
[17:55:07] [INFO]: [Server Thread] [TrixCore] Loading TrixCore v1.0.0
[17:55:07] [INFO]: [Server Thread] [ArmorStandTools] Loading ArmorStandTools v2.4.3
[17:55:07] [INFO]: [Server Thread] [Core] Loading Core v1.0
[17:55:07] [INFO]: [Server Thread] [WorldEdit] Loading WorldEdit v6.1.7;dd00bb1
[17:55:07] [INFO]: [Server Thread] [iSpigot] Metrics enabled
[17:55:07] [INFO]: [Server Thread] [FastAsyncWorldEdit] Enabling FastAsyncWorldEdit v19.11.13-5505943-1282-22.3.5
[17:55:07] [INFO]: [Server Thread] Vault is used for persistent `/wea` toggles.
[17:55:07] [INFO]: [Server Thread] [UltraPermissions] Enabling UltraPermissions v4.9.0
[17:55:08] [INFO]: [Server Thread] [UltraPermissions] Loading Plugin...
[17:55:08] [WARN]: [Server Thread] SLF4J: No SLF4J providers were found.
[17:55:08] [WARN]: [Server Thread] SLF4J: Defaulting to no-operation (NOP) logger implementation
[17:55:08] [WARN]: [Server Thread] SLF4J: See http://www.slf4j.org/codes.html#noProviders for further details.
[17:55:09] [INFO]: [Server Thread] [NBTAPI] Found Spigot: v1_8_R3! Trying to find NMS support
[17:55:09] [INFO]: [Server Thread] [NBTAPI] NMS support 'MC1_8_R3' loaded!
[17:55:09] [INFO]: [Server Thread] [NBTAPI] Found Gson: class com.google.gson.Gson
[17:55:10] [INFO]: [Server Thread] [UltraPermissions] Successfully loaded in 2076 ms
[17:55:10] [INFO]: [Server Thread] [TrixCore] Enabling TrixCore v1.0.0
[17:55:10] [INFO]: [Server Thread] Loaded 0 commands to schedule
[17:55:10] [INFO]: [Server Thread] Starting server ...
[17:55:10] [INFO]: [Server Thread] Logging initialized @18258ms to shaded.org.eclipse.jetty.util.log.Slf4jLog
[17:55:10] [INFO]: [Server Thread] jetty-9.4.z-SNAPSHOT; built: unknown; git: unknown; jvm 11.0.9.1+1
[17:55:10] [INFO]: [Server Thread] Started ServerConnector@3c4da29c{HTTP/1.1, (http/1.1)}{0.0.0.0:17348}
[17:55:10] [INFO]: [Server Thread] Started @18526ms
[17:55:10] [INFO]: [Server Thread] TrixCore is listening on 176.9.255.208:17348 and started in 313 ms
[17:55:10] [INFO]: [Server Thread] [Core] Enabling Core v1.0
[17:55:10] [WARN]: [Server Thread] **** SERVER IS RUNNING IN OFFLINE/INSECURE MODE! ****
[17:55:10] [INFO]: [Server Thread] **** Beginning UUID conversion, this may take A LONG time ****
[17:55:10] [INFO]: [Server Thread] Preparing level "world"
[17:55:10] [INFO]: [Server Thread] Preparing start region for level 0 (Seed: 4030589457038486311)
[17:55:11] [INFO]: [Server Thread] Preparing start region for level 1 (Seed: -4509305205135974737)
[17:55:12] [INFO]: [Server Thread] [AutoFly] Enabling AutoFly v1.2
[17:55:12] [INFO]: [Server Thread] [NametagEdit] Enabling NametagEdit v4.4.10
[17:55:12] [INFO]: [Server Thread] [UltraPermissions] Hooked into NametagEdit
[17:55:12] [INFO]: [Server Thread] [ArmorStandTools] Enabling ArmorStandTools v2.4.3
[17:55:12] [INFO]: [Server Thread] [ArmorStandTools] Loading support for v1_8_R3
[17:55:12] [INFO]: [Server Thread] [ArmorStandTools] PlotSquared plugin not found. Continuing without PlotSquared support.
[17:55:12] [INFO]: [Server Thread] [ArmorStandTools] WorldGuard plugin not found. Continuing without WorldGuard support.
[17:55:12] [INFO]: [Server Thread] [WorldEdit] Enabling WorldEdit v6.1.7;dd00bb1
[17:55:12] [INFO]: [Server Thread] WEPIF: Using the Bukkit Permissions API.
[17:55:12] [INFO]: [Server Thread] [WorldEdit] Using com.sk89q.worldedit.bukkit.adapter.impl.Spigot_v1_8_R3 as the Bukkit adapter
[17:55:12] [WARN]: [Server Thread] [WorldEdit] WorldEdit has detected you are using Java 7 (based on detected version 11.0.9.1).
[17:55:12] [WARN]: [Server Thread] [WorldEdit] WorldEdit will stop supporting Java less than version 8 in the future, due to Java 7 being EOL since April 2015. Please update your server to Java 8.
[17:55:12] [INFO]: [Server Thread] Server permissions file permissions.yml is empty, ignoring it
[17:55:12] [INFO]: [Server Thread] Done (2.119s)! For help, type "help" or "?"
[17:55:12] [INFO]: [Server Thread] Using default channel type
[17:55:12] [INFO]: [Server Thread] [iSpigot] loaded 0 knockback profiles
[17:55:12] [INFO]: [Server Thread] [iSpigot] auto set default knockback: example
[17:55:13] [INFO]: [Server Thread] Timings Reset
[17:55:13] [INFO]: [er Thread - 0] [UltraPermissions] Translations successfully loaded & applied
[17:55:13] [INFO]: [Server Thread] (FAWE) Detected class org.bukkit.event.block.BlockExplodeEvent
[17:55:14] [INFO]: [er Thread - 0] [UltraPermissions] Loading Permission Database...
[17:55:14] [INFO]: [er Thread - 0] [UltraPermissions] - 8 Permissions extracted from .jars
[17:55:14] [INFO]: [er Thread - 0] [UltraPermissions] - 6441 Permissions downloaded from the Cloud
[17:55:15] [INFO]: [henticator #1] UUID of player Nan0uche is 5052a309-eb6a-4bb0-85ac-2cad2b6a51ba
[17:55:16] [INFO]: [Server Thread] Nan0uche[/217.182.27.241:43131] logged in with entity id 42 at ([world]-301.5, 21.0, -239.5)
[17:55:20] [INFO]: [Server Thread] Nan0uche issued server command: /uperms
[17:55:25] [INFO]: [henticator #1] UUID of player Alexandre01 is c11ff13f-ed91-43ec-a26d-a686647f3f47
[17:55:25] [INFO]: [Server Thread] Alexandre01[/51.178.221.2:53041] logged in with entity id 43 at ([world]-301.5, 21.0, -239.5)
[17:55:26] [INFO]: [Server Thread] Nan0uche lost connection: Disconnected
[17:55:28] [INFO]: [henticator #1] UUID of player Nan0uche is 5052a309-eb6a-4bb0-85ac-2cad2b6a51ba
[17:55:28] [INFO]: [Server Thread] Nan0uche[/217.182.27.232:40285] logged in with entity id 45 at ([world]-301.5, 21.0, -239.5)
[17:56:02] [INFO]: [Server Thread] Nan0uche issued server command: /up
[17:56:08] [INFO]: [er Thread - 5] (FAWE) Usage: /up <number>
Description: Go upwards some distance
[17:56:08] [INFO]: [er Thread - 5] Too few parameters!
[17:56:11] [INFO]: [Server Thread] The command has been blocked by iSpigot!
[17:56:11] [INFO]: [Server Thread] If you really want to reload please unblock it in iSpigot.yml
[17:56:11] [INFO]: [Server Thread] Warning: Any problem that caused by reload won't be fixed at the moment.
[17:56:13] [INFO]: [Server Thread] The command has been blocked by iSpigot!
[17:56:13] [INFO]: [Server Thread] If you really want to reload please unblock it in iSpigot.yml
[17:56:13] [INFO]: [Server Thread] Warning: Any problem that caused by reload won't be fixed at the moment.
[17:56:18] [INFO]: [Server Thread] Nan0uche issued server command: /uperm
[17:56:19] [INFO]: [Server Thread] Nan0uche issued server command: /uperms
[17:59:06] [INFO]: [Server Thread] Nan0uche issued server command: /uperms
[18:00:58] [INFO]: [Server Thread] Nan0uche issued server command: /uperms
[18:01:11] [INFO]: [Server Thread] Nan0uche issued server command: /deop Nan0uche
[18:01:11] [INFO]: [Server Thread] [Nan0uche: De-opped Nan0uche]
[18:01:16] [INFO]: [Server Thread] Nan0uche issued server command: /nte reload
[18:01:19] [INFO]: [Server Thread] Nan0uche issued server command: /op Nan0uche
[18:01:19] [INFO]: [Server Thread] [Nan0uche: Opped Nan0uche]
[18:01:20] [INFO]: [Server Thread] Nan0uche issued server command: /nte reload
[18:02:02] [INFO]: [Server Thread] Alexandre01 issued server command: /uperms
[18:03:20] [INFO]: [Server Thread] Nan0uche issued server command: /nte reload
[18:03:23] [INFO]: [Server Thread] Nan0uche issued server command: /uperms
[18:03:31] [INFO]: [Server Thread] Alexandre01 issued server command: /player
[18:03:41] [INFO]: [Server Thread] Nan0uche issued server command: /nte reload
[18:03:50] [INFO]: [Server Thread] Nan0uche issued server command: /nte reload
[18:03:59] [INFO]: [Server Thread] Nan0uche issued server command: /nte reload
[18:05:15] [INFO]: [c Chat Thread] ADMIN Nan0uche ▶ c
[18:09:55] [INFO]: [Server Thread] Alexandre01 issued server command: /gamemode 1
[18:09:55] [INFO]: [Server Thread] [Alexandre01: Set own game mode to Creative Mode]
[18:10:03] [INFO]: [Server Thread] Alexandre01 issued server command: /gamemode 0
[18:10:06] [INFO]: [Server Thread] Alexandre01 issued server command: /gamemode 1
[18:10:06] [INFO]: [Server Thread] [Alexandre01: Set own game mode to Creative Mode]
[18:10:15] [INFO]: [Server Thread] Alexandre01 issued server command: /gamemode 0°
[18:10:15] [INFO]: [Server Thread] [Alexandre01: '0°' is not a valid number]
[18:10:16] [INFO]: [Server Thread] Alexandre01 issued server command: /gamemode 0
[18:10:33] [INFO]: [Server Thread] Nan0uche issued server command: /gamemode 0
[18:10:34] [INFO]: [Server Thread] Alexandre01 issued server command: /gamemode 0
[18:10:45] [INFO]: [Server Thread] Alexandre01 issued server command: /gamemode 1
[18:10:45] [INFO]: [Server Thread] [Alexandre01: Set own game mode to Creative Mode]
[18:10:48] [INFO]: [Server Thread] Alexandre01 issued server command: /gamemode 0
[18:10:55] [INFO]: [Server Thread] Alexandre01 issued server command: /gamemode &
[18:10:55] [INFO]: [Server Thread] [Alexandre01: '&' is not a valid number]
[18:10:57] [INFO]: [Server Thread] Alexandre01 issued server command: /gamemode 1
[18:10:57] [INFO]: [Server Thread] [Alexandre01: Set own game mode to Creative Mode]
[18:10:58] [INFO]: [Server Thread] Alexandre01 issued server command: /gamemode 2
[18:10:58] [INFO]: [Server Thread] [Alexandre01: Set own game mode to Adventure Mode]
[18:11:01] [INFO]: [Server Thread] Alexandre01 issued server command: /gamemode 0
[18:11:06] [WARN]: [Server Thread] Alexandre01 moved wrongly!
[18:11:11] [INFO]: [Server Thread] Alexandre01 issued server command: /gamemode 1
[18:11:11] [INFO]: [Server Thread] [Alexandre01: Set own game mode to Creative Mode]
[18:11:15] [INFO]: [Server Thread] Alexandre01 issued server command: /gamemode 0
[18:11:18] [INFO]: [Server Thread] Nan0uche issued server command: /gamemode 0
[18:11:20] [INFO]: [Server Thread] Nan0uche issued server command: /gamemode 0
[18:11:21] [INFO]: [Server Thread] Nan0uche issued server command: /gamemode 1
[18:11:21] [INFO]: [Server Thread] [Nan0uche: Set own game mode to Creative Mode]
[18:11:24] [INFO]: [Server Thread] Nan0uche issued server command: /gamemode 0
[18:11:31] [INFO]: [Server Thread] Alexandre01 issued server command: /gamemode 2
[18:11:31] [INFO]: [Server Thread] [Alexandre01: Set own game mode to Adventure Mode]
[18:11:33] [INFO]: [Server Thread] Alexandre01 issued server command: /gamemode 1
[18:11:33] [INFO]: [Server Thread] [Alexandre01: Set own game mode to Creative Mode]
[18:11:34] [INFO]: [c Chat Thread] ADMIN Nan0uche ▶ 2
[18:11:34] [INFO]: [Server Thread] Alexandre01 issued server command: /gamemode 2
[18:11:34] [INFO]: [Server Thread] [Alexandre01: Set own game mode to Adventure Mode]
[18:11:36] [INFO]: [Server Thread] Nan0uche issued server command: /gamemode 2
[18:11:36] [INFO]: [Server Thread] [Nan0uche: Set own game mode to Adventure Mode]
[18:11:41] [INFO]: [Server Thread] Alexandre01 issued server command: /gamemode 1
[18:11:41] [INFO]: [Server Thread] [Alexandre01: Set own game mode to Creative Mode]
[18:11:42] [INFO]: [Server Thread] Nan0uche issued server command: /gamemode 2
[18:11:42] [INFO]: [Server Thread] [Nan0uche: Set own game mode to Adventure Mode]
[18:11:43] [INFO]: [Server Thread] Alexandre01 issued server command: /gamemode 2
[18:11:43] [INFO]: [Server Thread] [Alexandre01: Set own game mode to Adventure Mode]
[18:11:43] [INFO]: [Server Thread] Nan0uche issued server command: /gamemode 1
[18:11:43] [INFO]: [Server Thread] [Nan0uche: Set own game mode to Creative Mode]
[18:11:45] [INFO]: [Server Thread] Nan0uche issued server command: /gamemode 2
[18:11:45] [INFO]: [Server Thread] [Nan0uche: Set own game mode to Adventure Mode]
[18:12:15] [INFO]: [Server Thread] Alexandre01 issued server command: /gamemode 0
[18:12:20] [INFO]: [Server Thread] Alexandre01 issued server command: /gamemode 2
[18:12:20] [INFO]: [Server Thread] [Alexandre01: Set own game mode to Adventure Mode]
[18:13:08] [INFO]: [Server Thread] Nan0uche lost connection: Disconnected
[18:18:47] [INFO]: [henticator #2] UUID of player Nan0uche is 5052a309-eb6a-4bb0-85ac-2cad2b6a51ba
[18:18:47] [INFO]: [Server Thread] Nan0uche[/51.77.31.36:42173] logged in with entity id 71 at ([world]-301.5, 21.0, -239.5)
[18:21:11] [INFO]: [Server Thread] Nan0uche lost connection: Internal Exception: java.io.IOException: Connection reset by peer
[18:22:40] [INFO]: [henticator #3] UUID of player Nan0uche is 5052a309-eb6a-4bb0-85ac-2cad2b6a51ba
[18:22:40] [INFO]: [Server Thread] Nan0uche[/51.77.31.59:49667] logged in with entity id 73 at ([world]-301.5, 21.0, -239.5)
[18:22:48] [INFO]: [Server Thread] Nan0uche lost connection: Disconnected
[18:22:50] [INFO]: [henticator #3] UUID of player Nan0uche is 5052a309-eb6a-4bb0-85ac-2cad2b6a51ba
[18:22:50] [INFO]: [Server Thread] Nan0uche[/51.77.31.42:40247] logged in with entity id 74 at ([world]-301.5, 21.0, -239.5)
[18:23:13] [INFO]: [Server Thread] Nan0uche lost connection: Disconnected
[18:35:01] [WARN]: [Server Thread] Alexandre01 moved wrongly!
[18:36:54] [INFO]: [henticator #4] UUID of player Nan0uche is 5052a309-eb6a-4bb0-85ac-2cad2b6a51ba
[18:36:54] [INFO]: [Server Thread] Nan0uche[/51.77.31.47:59229] logged in with entity id 101 at ([world]-301.5, 21.0, -239.5)
[18:36:57] [INFO]: [Server Thread] Nan0uche issued server command: /tp Alexandre01
[18:36:57] [INFO]: [Server Thread] [Nan0uche: Teleported Nan0uche to Alexandre01]
[18:37:07] [INFO]: [Server Thread] Nan0uche lost connection: Disconnected
[18:41:08] [WARN]: [Server Thread] Alexandre01 moved wrongly!
[18:42:31] [INFO]: [henticator #5] UUID of player Nan0uche is 5052a309-eb6a-4bb0-85ac-2cad2b6a51ba
[18:42:31] [INFO]: [Server Thread] Nan0uche[/51.178.221.22:33471] logged in with entity id 110 at ([world]-301.5, 21.0, -239.5)
[18:42:44] [INFO]: [henticator #5] UUID of player cmoienzo is 310369ad-7d61-4af3-bf9e-0fedd441e234
[18:42:44] [INFO]: [Server Thread] cmoienzo[/51.178.221.7:50463] logged in with entity id 111 at ([world]-301.5, 21.0, -239.5)
[18:43:44] [INFO]: [c Chat Thread] ADMIN Nan0uche ▶ Alexandre01 je vais whitelist un mec qui s'occupe du trailer
[18:43:51] [INFO]: [c Chat Thread] ADMIN Nan0uche ▶ il va faire des templates du spawn
[18:43:59] [INFO]: [Server Thread] Nan0uche issued server command: /whitelist add LinkerHD
[18:44:00] [INFO]: [Server Thread] [Nan0uche: Added LinkerHD to the whitelist]
[18:44:19] [INFO]: [Server Thread] Nan0uche issued server command: /whitelist
[18:44:20] [WARN]: [Server Thread] Alexandre01 moved wrongly!
[18:44:25] [INFO]: [Server Thread] Nan0uche issued server command: /whitelist remove
[18:45:30] [INFO]: [Server Thread] Nan0uche lost connection: Disconnected
[18:45:52] [INFO]: [henticator #6] UUID of player Nan0uche is 5052a309-eb6a-4bb0-85ac-2cad2b6a51ba
[18:45:52] [INFO]: [Server Thread] Nan0uche[/217.182.27.247:44881] logged in with entity id 119 at ([world]-301.5, 21.0, -239.5)
[18:46:18] [INFO]: [henticator #6] UUID of player LinkerHD is d0a0d30a-fb48-4c02-871f-8de7d21de07d
[18:46:18] [INFO]: [Server Thread] LinkerHD[/217.182.27.238:45923] logged in with entity id 120 at ([world]-301.5, 21.0, -239.5)
[18:46:30] [INFO]: [c Chat Thread] ADMIN Nan0uche ▶ hey
[18:46:33] [INFO]: [Server Thread] Nan0uche issued server command: /uperms
[18:46:57] [INFO]: [c Chat Thread] HELPER LinkerHD ▶ hey
[18:46:58] [INFO]: [c Chat Thread] ADMIN Nan0uche ▶ je t'ai mis helper histoire que tu puisses /gamemode 3
[18:46:58] [INFO]: [c Chat Thread] HELPER LinkerHD ▶ voc ?
[18:47:06] [INFO]: [c Chat Thread] ADMIN Nan0uche ▶ oui stv tu es sur le didi?
[18:47:11] [INFO]: [c Chat Thread] HELPER LinkerHD ▶ oui
[18:47:26] [INFO]: [c Chat Thread] HELPER LinkerHD ▶ moove me
[18:47:44] [WARN]: [Server Thread] cmoienzo moved wrongly!
[18:47:46] [INFO]: [c Chat Thread] DEV Alexandre01 ▶ Nan0uche
[18:47:50] [INFO]: [c Chat Thread] ADMIN Nan0uche ▶ Alexandre01 ?
[18:48:05] [INFO]: [c Chat Thread] DEV Alexandre01 ▶ Non rien j'avais pas vu que tu étais en voc
[18:48:11] [INFO]: [Server Thread] cmoienzo issued server command: /gamemode 1
[18:48:11] [INFO]: [Server Thread] [cmoienzo: Set own game mode to Creative Mode]
[18:48:16] [INFO]: [Server Thread] Nan0uche issued server command: /nte reload
[18:49:32] [INFO]: [henticator #7] UUID of player Awabe is 9e4ae4fa-951d-44f7-a291-716158214151
[18:49:32] [INFO]: [Server Thread] Awabe[/51.161.19.251:39463] logged in with entity id 122 at ([world]-301.5, 21.0, -239.5)
[18:50:16] [INFO]: [Server Thread] cmoienzo issued server command: /gamemode 0
[18:50:22] [INFO]: [Server Thread] cmoienzo issued server command: /gamemode 1
[18:50:22] [INFO]: [Server Thread] [cmoienzo: Set own game mode to Creative Mode]
[18:52:17] [INFO]: [c Chat Thread] ADMIN Nan0uche ▶ MERCI DE TOUS DECO
[18:52:18] [INFO]: [c Chat Thread] ADMIN Nan0uche ▶ MERCI DE TOUS DECO
[18:52:18] [INFO]: [c Chat Thread] ADMIN Nan0uche ▶ MERCI DE TOUS DECO
[18:52:18] [INFO]: [Server Thread] cmoienzo lost connection: Disconnected
[18:52:18] [INFO]: [c Chat Thread] ADMIN Nan0uche ▶ MERCI DE TOUS DECO
[18:52:24] [INFO]: [Server Thread] LinkerHD issued server command: /gamemode 3
[18:52:24] [INFO]: [Server Thread] [LinkerHD: Set own game mode to Spectator Mode]
[18:52:30] [INFO]: [Server Thread] Awabe lost connection: Disconnected
[18:52:35] [INFO]: [Server Thread] Nan0uche issued server command: /gamemode 3 Alexandre01
[18:52:35] [INFO]: [Server Thread] [Nan0uche: Set Alexandre01's game mode to Spectator Mode]
[18:52:37] [INFO]: [Server Thread] Nan0uche issued server command: /gamemode 3
[18:52:37] [INFO]: [Server Thread] [Nan0uche: Set own game mode to Spectator Mode]
[18:52:49] [INFO]: [Server Thread] Nan0uche issued server command: /gamemode 0
[18:52:51] [INFO]: [Server Thread] Nan0uche lost connection: Disconnected
[18:52:59] [INFO]: [henticator #8] UUID of player Nan0uche is 5052a309-eb6a-4bb0-85ac-2cad2b6a51ba
[18:52:59] [INFO]: [Server Thread] Nan0uche[/51.178.221.29:44073] logged in with entity id 126 at ([world]-301.5, 21.0, -239.5)
[18:53:34] [INFO]: [Server Thread] Nan0uche lost connection: Disconnected
[18:53:37] [INFO]: [henticator #8] UUID of player Nan0uche is 5052a309-eb6a-4bb0-85ac-2cad2b6a51ba
[18:53:37] [INFO]: [Server Thread] Nan0uche[/217.182.27.251:37899] logged in with entity id 128 at ([world]-301.5, 21.0, -239.5)
[18:53:47] [INFO]: [Server Thread] Nan0uche issued server command: /tp Alexandre01 100000 100000 10000
[18:53:47] [INFO]: [Server Thread] [Nan0uche: Teleported Alexandre01 to 100000.5, 100000.0, 10000.5]
[18:53:54] [INFO]: [Server Thread] Alexandre01 issued server command: /tp Nan0uche
[18:53:54] [INFO]: [Server Thread] [Alexandre01: Teleported Alexandre01 to Nan0uche]
[18:53:56] [INFO]: [Server Thread] Nan0uche issued server command: /tp Nan0uche Alexandre01
[18:53:56] [INFO]: [Server Thread] [Nan0uche: Teleported Nan0uche to Alexandre01]
[18:53:58] [INFO]: [Server Thread] Nan0uche issued server command: /tp Alexandre01 100000 100000 10000
[18:53:58] [INFO]: [Server Thread] [Nan0uche: Teleported Alexandre01 to 100000.5, 100000.0, 10000.5]
[18:53:59] [INFO]: [Server Thread] Nan0uche issued server command: /tp Nan0uche Alexandre01
[18:53:59] [INFO]: [Server Thread] [Nan0uche: Teleported Nan0uche to Alexandre01]
[18:54:00] [INFO]: [Server Thread] Alexandre01 issued server command: /tp Nan0uche
[18:54:00] [INFO]: [Server Thread] [Alexandre01: Teleported Alexandre01 to Nan0uche]
[18:54:02] [INFO]: [c Chat Thread] ADMIN Nan0uche ▶ reste la
[18:54:06] [INFO]: [Server Thread] Alexandre01 issued server command: /tp Nan0uche
[18:54:06] [INFO]: [Server Thread] [Alexandre01: Teleported Alexandre01 to Nan0uche]
[18:54:07] [INFO]: [c Chat Thread] DEV Alexandre01 ▶ ?
[18:54:07] [INFO]: [c Chat Thread] ADMIN Nan0uche ▶ il tourne les images
[18:54:32] [INFO]: [Server Thread] Nan0uche issued server command: /tp Nan0uche Alexandre01
[18:54:32] [INFO]: [Server Thread] [Nan0uche: Teleported Nan0uche to Alexandre01]
[18:54:36] [INFO]: [c Chat Thread] ADMIN Nan0uche ▶ BOUGE PAS
[18:54:41] [INFO]: [c Chat Thread] DEV Alexandre01 ▶ ah
[18:54:55] [INFO]: [Server Thread] Nan0uche issued server command: /tp Nan0uche Alexandre01
[18:54:55] [INFO]: [Server Thread] [Nan0uche: Teleported Nan0uche to Alexandre01]
[18:54:57] [INFO]: [c Chat Thread] ADMIN Nan0uche ▶ xd
[18:57:08] [INFO]: [Server Thread] Nan0uche lost connection: Disconnected
[18:57:16] [INFO]: [Server Thread] LinkerHD issued server command: /gamemode 1
[18:57:16] [INFO]: [Server Thread] [LinkerHD: Set own game mode to Creative Mode]
[18:57:19] [INFO]: [Server Thread] LinkerHD issued server command: /gamemode 2
[18:57:19] [INFO]: [Server Thread] [LinkerHD: Set own game mode to Adventure Mode]
[18:57:28] [INFO]: [Server Thread] LinkerHD issued server command: /gamemode 1
[18:57:28] [INFO]: [Server Thread] [LinkerHD: Set own game mode to Creative Mode]
[18:57:30] [INFO]: [Server Thread] LinkerHD issued server command: /gamemode 2
[18:57:30] [INFO]: [Server Thread] [LinkerHD: Set own game mode to Adventure Mode]
[18:57:40] [INFO]: [Server Thread] LinkerHD lost connection: Disconnected
[18:58:08] [INFO]: [henticator #9] UUID of player Nan0uche is 5052a309-eb6a-4bb0-85ac-2cad2b6a51ba
[18:58:08] [INFO]: [Server Thread] Nan0uche[/51.77.31.40:44521] logged in with entity id 130 at ([world]-301.5, 21.0, -239.5)
[18:58:14] [INFO]: [Server Thread] Nan0uche issued server command: /tp Alexandre01 Nan0uche
[18:58:14] [INFO]: [Server Thread] [Nan0uche: Teleported Alexandre01 to Nan0uche]
[18:58:19] [INFO]: [Server Thread] Nan0uche issued server command: /gamemode 1 Alexandre01
[18:58:19] [INFO]: [Server Thread] [Nan0uche: Set Alexandre01's game mode to Creative Mode]
[18:58:28] [INFO]: [c Chat Thread] ADMIN Nan0uche ▶ il fait les plans de l'autre lobby
[19:00:15] [INFO]: [Server Thread] Nan0uche issued server command: /whitelist
[19:00:18] [INFO]: [Server Thread] Nan0uche issued server command: /whitelist remove
[19:00:24] [INFO]: [Server Thread] Nan0uche issued server command: /whitelist remove LinkerHD
[19:00:24] [INFO]: [Server Thread] [Nan0uche: Removed LinkerHD from the whitelist]
[19:16:30] [INFO]: [enticator #10] UUID of player cmoienzo is 310369ad-7d61-4af3-bf9e-0fedd441e234
[19:16:30] [INFO]: [Server Thread] cmoienzo[/217.182.27.236:52049] logged in with entity id 150 at ([world]-301.5, 21.0, -239.5)
[19:18:37] [INFO]: [Server Thread] cmoienzo lost connection: Disconnected
[19:21:17] [INFO]: [Server Thread] Nan0uche issued server command: /uperms
[19:21:30] [INFO]: [enticator #11] UUID of player Awabe is 9e4ae4fa-951d-44f7-a291-716158214151
[19:21:30] [INFO]: [Server Thread] Awabe[/51.161.99.54:38477] logged in with entity id 151 at ([world]-301.5, 21.0, -239.5)
[19:21:34] [INFO]: [Server Thread] Nan0uche issued server command: /nte reload
[19:22:01] [INFO]: [Server Thread] Nan0uche issued server command: /gamemode 1
[19:22:01] [INFO]: [Server Thread] [Nan0uche: Set own game mode to Creative Mode]
[19:22:52] [INFO]: [Server Thread] Nan0uche issued server command: /ast
[19:23:08] [INFO]: [Server Thread] Awabe lost connection: Disconnected
[19:25:10] [INFO]: [Server Thread] Alexandre01 issued server command: /tp Nan0uche
[19:25:10] [INFO]: [Server Thread] [Alexandre01: Teleported Alexandre01 to Nan0uche]
[19:25:21] [INFO]: [Server Thread] Alexandre01 issued server command: /ast
[19:26:36] [INFO]: [Server Thread] Given [Nan0uche's Head] * 1 to Nan0uche
[19:26:39] [ERROR]: [Server Thread] Could not pass event InventoryCreativeEvent to Core v1.0
java.lang.NullPointerException: null
	at fr.inazuma.core.world.Connexion.invsee(Connexion.java:148) ~[?:?]
	at spg.lgdev.events.executor.MethodHandleEventExecutor.execute(MethodHandleEventExecutor.java:37) ~[ispigot.jar:git-iSpigot-PaperEdition]
	at co.aikar.timings.TimedEventExecutor.execute(TimedEventExecutor.java:78) ~[ispigot.jar:git-iSpigot-PaperEdition]
	at org.bukkit.plugin.RegisteredListener.callEvent(RegisteredListener.java:62) ~[ispigot.jar:git-iSpigot-PaperEdition]
	at org.bukkit.plugin.SimplePluginManager.fireEvent(SimplePluginManager.java:561) ~[ispigot.jar:git-iSpigot-PaperEdition]
	at org.bukkit.plugin.SimplePluginManager.callEvent(SimplePluginManager.java:547) ~[ispigot.jar:git-iSpigot-PaperEdition]
	at net.minecraft.server.v1_8_R3.PlayerConnection.a(SourceFile:1900) ~[ispigot.jar:git-iSpigot-PaperEdition]
	at net.minecraft.server.v1_8_R3.PacketPlayInSetCreativeSlot.a(SourceFile:16) ~[ispigot.jar:git-iSpigot-PaperEdition]
	at net.minecraft.server.v1_8_R3.PacketPlayInSetCreativeSlot.a(SourceFile:7) ~[ispigot.jar:git-iSpigot-PaperEdition]
	at net.minecraft.server.v1_8_R3.PlayerConnectionUtils.lambda$ensureMainThread$0(SourceFile:14) ~[ispigot.jar:git-iSpigot-PaperEdition]
	at java.util.concurrent.Executors$RunnableAdapter.call(Unknown Source) ~[?:?]
	at spg.lgdev.thread.TimingCallable.call(SourceFile:24) ~[ispigot.jar:git-iSpigot-PaperEdition]
	at java.util.concurrent.FutureTask.run(Unknown Source) ~[?:?]
	at net.minecraft.server.v1_8_R3.SystemUtils.a(SystemUtils.java:10) ~[ispigot.jar:git-iSpigot-PaperEdition]
	at net.minecraft.server.v1_8_R3.MinecraftServer.tickWorlds(SourceFile:829) ~[ispigot.jar:git-iSpigot-PaperEdition]
	at net.minecraft.server.v1_8_R3.DedicatedServer.tickWorlds(SourceFile:349) ~[ispigot.jar:git-iSpigot-PaperEdition]
	at net.minecraft.server.v1_8_R3.MinecraftServer.tickServer(SourceFile:770) ~[ispigot.jar:git-iSpigot-PaperEdition]
	at net.minecraft.server.v1_8_R3.MinecraftServer.run(SourceFile:649) ~[ispigot.jar:git-iSpigot-PaperEdition]
	at java.util.concurrent.Executors$RunnableAdapter.call(Unknown Source) ~[?:?]
	at java.util.concurrent.FutureTask.runAndReset(Unknown Source) ~[?:?]
	at java.util.concurrent.ScheduledThreadPoolExecutor$ScheduledFutureTask.run(Unknown Source) ~[?:?]
	at java.util.concurrent.ThreadPoolExecutor.runWorker(Unknown Source) [?:?]
	at java.util.concurrent.ThreadPoolExecutor$Worker.run(Unknown Source) [?:?]
	at java.lang.Thread.run(Unknown Source) [?:?]
[19:26:39] [ERROR]: [Server Thread] Could not pass event InventoryCreativeEvent to Core v1.0
java.lang.NullPointerException: null
	at fr.inazuma.core.world.Connexion.invsee(Connexion.java:148) ~[?:?]
	at spg.lgdev.events.executor.MethodHandleEventExecutor.execute(MethodHandleEventExecutor.java:37) ~[ispigot.jar:git-iSpigot-PaperEdition]
	at co.aikar.timings.TimedEventExecutor.execute(TimedEventExecutor.java:78) ~[ispigot.jar:git-iSpigot-PaperEdition]
	at org.bukkit.plugin.RegisteredListener.callEvent(RegisteredListener.java:62) ~[ispigot.jar:git-iSpigot-PaperEdition]
	at org.bukkit.plugin.SimplePluginManager.fireEvent(SimplePluginManager.java:561) ~[ispigot.jar:git-iSpigot-PaperEdition]
	at org.bukkit.plugin.SimplePluginManager.callEvent(SimplePluginManager.java:547) ~[ispigot.jar:git-iSpigot-PaperEdition]
	at net.minecraft.server.v1_8_R3.PlayerConnection.a(SourceFile:1900) ~[ispigot.jar:git-iSpigot-PaperEdition]
	at net.minecraft.server.v1_8_R3.PacketPlayInSetCreativeSlot.a(SourceFile:16) ~[ispigot.jar:git-iSpigot-PaperEdition]
	at net.minecraft.server.v1_8_R3.PacketPlayInSetCreativeSlot.a(SourceFile:7) ~[ispigot.jar:git-iSpigot-PaperEdition]
	at net.minecraft.server.v1_8_R3.PlayerConnectionUtils.lambda$ensureMainThread$0(SourceFile:14) ~[ispigot.jar:git-iSpigot-PaperEdition]
	at java.util.concurrent.Executors$RunnableAdapter.call(Unknown Source) ~[?:?]
	at spg.lgdev.thread.TimingCallable.call(SourceFile:24) ~[ispigot.jar:git-iSpigot-PaperEdition]
	at java.util.concurrent.FutureTask.run(Unknown Source) ~[?:?]
	at net.minecraft.server.v1_8_R3.SystemUtils.a(SystemUtils.java:10) ~[ispigot.jar:git-iSpigot-PaperEdition]
	at net.minecraft.server.v1_8_R3.MinecraftServer.tickWorlds(SourceFile:829) ~[ispigot.jar:git-iSpigot-PaperEdition]
	at net.minecraft.server.v1_8_R3.DedicatedServer.tickWorlds(SourceFile:349) ~[ispigot.jar:git-iSpigot-PaperEdition]
	at net.minecraft.server.v1_8_R3.MinecraftServer.tickServer(SourceFile:770) ~[ispigot.jar:git-iSpigot-PaperEdition]
	at net.minecraft.server.v1_8_R3.MinecraftServer.run(SourceFile:649) ~[ispigot.jar:git-iSpigot-PaperEdition]
	at java.util.concurrent.Executors$RunnableAdapter.call(Unknown Source) ~[?:?]
	at java.util.concurrent.FutureTask.runAndReset(Unknown Source) ~[?:?]
	at java.util.concurrent.ScheduledThreadPoolExecutor$ScheduledFutureTask.run(Unknown Source) ~[?:?]
	at java.util.concurrent.ThreadPoolExecutor.runWorker(Unknown Source) [?:?]
	at java.util.concurrent.ThreadPoolExecutor$Worker.run(Unknown Source) [?:?]
	at java.lang.Thread.run(Unknown Source) [?:?]
[19:27:06] [ERROR]: [Server Thread] Could not pass event InventoryClickEvent to Core v1.0
java.lang.NullPointerException: null
	at fr.inazuma.core.world.Connexion.invsee(Connexion.java:148) ~[?:?]
	at spg.lgdev.events.executor.MethodHandleEventExecutor.execute(MethodHandleEventExecutor.java:37) ~[ispigot.jar:git-iSpigot-PaperEdition]
	at co.aikar.timings.TimedEventExecutor.execute(TimedEventExecutor.java:78) ~[ispigot.jar:git-iSpigot-PaperEdition]
	at org.bukkit.plugin.RegisteredListener.callEvent(RegisteredListener.java:62) ~[ispigot.jar:git-iSpigot-PaperEdition]
	at org.bukkit.plugin.SimplePluginManager.fireEvent(SimplePluginManager.java:561) ~[ispigot.jar:git-iSpigot-PaperEdition]
	at org.bukkit.plugin.SimplePluginManager.callEvent(SimplePluginManager.java:547) ~[ispigot.jar:git-iSpigot-PaperEdition]
	at net.minecraft.server.v1_8_R3.PlayerConnection.a(SourceFile:1724) ~[ispigot.jar:git-iSpigot-PaperEdition]
	at net.minecraft.server.v1_8_R3.PacketPlayInWindowClick.a(SourceFile:20) ~[ispigot.jar:git-iSpigot-PaperEdition]
	at net.minecraft.server.v1_8_R3.PacketPlayInWindowClick.a(SourceFile:7) ~[ispigot.jar:git-iSpigot-PaperEdition]
	at net.minecraft.server.v1_8_R3.PlayerConnectionUtils.lambda$ensureMainThread$0(SourceFile:14) ~[ispigot.jar:git-iSpigot-PaperEdition]
	at java.util.concurrent.Executors$RunnableAdapter.call(Unknown Source) ~[?:?]
	at spg.lgdev.thread.TimingCallable.call(SourceFile:24) ~[ispigot.jar:git-iSpigot-PaperEdition]
	at java.util.concurrent.FutureTask.run(Unknown Source) ~[?:?]
	at net.minecraft.server.v1_8_R3.SystemUtils.a(SystemUtils.java:10) ~[ispigot.jar:git-iSpigot-PaperEdition]
	at net.minecraft.server.v1_8_R3.MinecraftServer.tickWorlds(SourceFile:829) ~[ispigot.jar:git-iSpigot-PaperEdition]
	at net.minecraft.server.v1_8_R3.DedicatedServer.tickWorlds(SourceFile:349) ~[ispigot.jar:git-iSpigot-PaperEdition]
	at net.minecraft.server.v1_8_R3.MinecraftServer.tickServer(SourceFile:770) ~[ispigot.jar:git-iSpigot-PaperEdition]
	at net.minecraft.server.v1_8_R3.MinecraftServer.run(SourceFile:649) ~[ispigot.jar:git-iSpigot-PaperEdition]
	at java.util.concurrent.Executors$RunnableAdapter.call(Unknown Source) ~[?:?]
	at java.util.concurrent.FutureTask.runAndReset(Unknown Source) ~[?:?]
	at java.util.concurrent.ScheduledThreadPoolExecutor$ScheduledFutureTask.run(Unknown Source) ~[?:?]
	at java.util.concurrent.ThreadPoolExecutor.runWorker(Unknown Source) [?:?]
	at java.util.concurrent.ThreadPoolExecutor$Worker.run(Unknown Source) [?:?]
	at java.lang.Thread.run(Unknown Source) [?:?]
[19:28:30] [ERROR]: [Server Thread] Could not pass event InventoryCreativeEvent to Core v1.0
java.lang.NullPointerException: null
	at fr.inazuma.core.world.Connexion.invsee(Connexion.java:148) ~[?:?]
	at spg.lgdev.events.executor.MethodHandleEventExecutor.execute(MethodHandleEventExecutor.java:37) ~[ispigot.jar:git-iSpigot-PaperEdition]
	at co.aikar.timings.TimedEventExecutor.execute(TimedEventExecutor.java:78) ~[ispigot.jar:git-iSpigot-PaperEdition]
	at org.bukkit.plugin.RegisteredListener.callEvent(RegisteredListener.java:62) ~[ispigot.jar:git-iSpigot-PaperEdition]
	at org.bukkit.plugin.SimplePluginManager.fireEvent(SimplePluginManager.java:561) ~[ispigot.jar:git-iSpigot-PaperEdition]
	at org.bukkit.plugin.SimplePluginManager.callEvent(SimplePluginManager.java:547) ~[ispigot.jar:git-iSpigot-PaperEdition]
	at net.minecraft.server.v1_8_R3.PlayerConnection.a(SourceFile:1900) ~[ispigot.jar:git-iSpigot-PaperEdition]
	at net.minecraft.server.v1_8_R3.PacketPlayInSetCreativeSlot.a(SourceFile:16) ~[ispigot.jar:git-iSpigot-PaperEdition]
	at net.minecraft.server.v1_8_R3.PacketPlayInSetCreativeSlot.a(SourceFile:7) ~[ispigot.jar:git-iSpigot-PaperEdition]
	at net.minecraft.server.v1_8_R3.PlayerConnectionUtils.lambda$ensureMainThread$0(SourceFile:14) ~[ispigot.jar:git-iSpigot-PaperEdition]
	at java.util.concurrent.Executors$RunnableAdapter.call(Unknown Source) ~[?:?]
	at spg.lgdev.thread.TimingCallable.call(SourceFile:24) ~[ispigot.jar:git-iSpigot-PaperEdition]
	at java.util.concurrent.FutureTask.run(Unknown Source) ~[?:?]
	at net.minecraft.server.v1_8_R3.SystemUtils.a(SystemUtils.java:10) ~[ispigot.jar:git-iSpigot-PaperEdition]
	at net.minecraft.server.v1_8_R3.MinecraftServer.tickWorlds(SourceFile:829) ~[ispigot.jar:git-iSpigot-PaperEdition]
	at net.minecraft.server.v1_8_R3.DedicatedServer.tickWorlds(SourceFile:349) ~[ispigot.jar:git-iSpigot-PaperEdition]
	at net.minecraft.server.v1_8_R3.MinecraftServer.tickServer(SourceFile:770) ~[ispigot.jar:git-iSpigot-PaperEdition]
	at net.minecraft.server.v1_8_R3.MinecraftServer.run(SourceFile:649) ~[ispigot.jar:git-iSpigot-PaperEdition]
	at java.util.concurrent.Executors$RunnableAdapter.call(Unknown Source) ~[?:?]
	at java.util.concurrent.FutureTask.runAndReset(Unknown Source) ~[?:?]
	at java.util.concurrent.ScheduledThreadPoolExecutor$ScheduledFutureTask.run(Unknown Source) ~[?:?]
	at java.util.concurrent.ThreadPoolExecutor.runWorker(Unknown Source) [?:?]
	at java.util.concurrent.ThreadPoolExecutor$Worker.run(Unknown Source) [?:?]
	at java.lang.Thread.run(Unknown Source) [?:?]
[19:30:31] [INFO]: [Server Thread] Nan0uche issued server command: /ast
[19:30:40] [ERROR]: [Server Thread] Could not pass event InventoryCreativeEvent to Core v1.0
java.lang.NullPointerException: null
	at fr.inazuma.core.world.Connexion.invsee(Connexion.java:148) ~[?:?]
	at spg.lgdev.events.executor.MethodHandleEventExecutor.execute(MethodHandleEventExecutor.java:37) ~[ispigot.jar:git-iSpigot-PaperEdition]
	at co.aikar.timings.TimedEventExecutor.execute(TimedEventExecutor.java:78) ~[ispigot.jar:git-iSpigot-PaperEdition]
	at org.bukkit.plugin.RegisteredListener.callEvent(RegisteredListener.java:62) ~[ispigot.jar:git-iSpigot-PaperEdition]
	at org.bukkit.plugin.SimplePluginManager.fireEvent(SimplePluginManager.java:561) ~[ispigot.jar:git-iSpigot-PaperEdition]
	at org.bukkit.plugin.SimplePluginManager.callEvent(SimplePluginManager.java:547) ~[ispigot.jar:git-iSpigot-PaperEdition]
	at net.minecraft.server.v1_8_R3.PlayerConnection.a(SourceFile:1900) ~[ispigot.jar:git-iSpigot-PaperEdition]
	at net.minecraft.server.v1_8_R3.PacketPlayInSetCreativeSlot.a(SourceFile:16) ~[ispigot.jar:git-iSpigot-PaperEdition]
	at net.minecraft.server.v1_8_R3.PacketPlayInSetCreativeSlot.a(SourceFile:7) ~[ispigot.jar:git-iSpigot-PaperEdition]
	at net.minecraft.server.v1_8_R3.PlayerConnectionUtils.lambda$ensureMainThread$0(SourceFile:14) ~[ispigot.jar:git-iSpigot-PaperEdition]
	at java.util.concurrent.Executors$RunnableAdapter.call(Unknown Source) ~[?:?]
	at spg.lgdev.thread.TimingCallable.call(SourceFile:24) ~[ispigot.jar:git-iSpigot-PaperEdition]
	at java.util.concurrent.FutureTask.run(Unknown Source) ~[?:?]
	at net.minecraft.server.v1_8_R3.SystemUtils.a(SystemUtils.java:10) ~[ispigot.jar:git-iSpigot-PaperEdition]
	at net.minecraft.server.v1_8_R3.MinecraftServer.tickWorlds(SourceFile:829) ~[ispigot.jar:git-iSpigot-PaperEdition]
	at net.minecraft.server.v1_8_R3.DedicatedServer.tickWorlds(SourceFile:349) ~[ispigot.jar:git-iSpigot-PaperEdition]
	at net.minecraft.server.v1_8_R3.MinecraftServer.tickServer(SourceFile:770) ~[ispigot.jar:git-iSpigot-PaperEdition]
	at net.minecraft.server.v1_8_R3.MinecraftServer.run(SourceFile:649) ~[ispigot.jar:git-iSpigot-PaperEdition]
	at java.util.concurrent.Executors$RunnableAdapter.call(Unknown Source) ~[?:?]
	at java.util.concurrent.FutureTask.runAndReset(Unknown Source) ~[?:?]
	at java.util.concurrent.ScheduledThreadPoolExecutor$ScheduledFutureTask.run(Unknown Source) ~[?:?]
	at java.util.concurrent.ThreadPoolExecutor.runWorker(Unknown Source) [?:?]
	at java.util.concurrent.ThreadPoolExecutor$Worker.run(Unknown Source) [?:?]
	at java.lang.Thread.run(Unknown Source) [?:?]
[19:32:41] [INFO]: [Server Thread] Nan0uche issued server command: /ast
[19:32:53] [ERROR]: [Server Thread] Could not pass event InventoryCreativeEvent to Core v1.0
java.lang.NullPointerException: null
	at fr.inazuma.core.world.Connexion.invsee(Connexion.java:148) ~[?:?]
	at spg.lgdev.events.executor.MethodHandleEventExecutor.execute(MethodHandleEventExecutor.java:37) ~[ispigot.jar:git-iSpigot-PaperEdition]
	at co.aikar.timings.TimedEventExecutor.execute(TimedEventExecutor.java:78) ~[ispigot.jar:git-iSpigot-PaperEdition]
	at org.bukkit.plugin.RegisteredListener.callEvent(RegisteredListener.java:62) ~[ispigot.jar:git-iSpigot-PaperEdition]
	at org.bukkit.plugin.SimplePluginManager.fireEvent(SimplePluginManager.java:561) ~[ispigot.jar:git-iSpigot-PaperEdition]
	at org.bukkit.plugin.SimplePluginManager.callEvent(SimplePluginManager.java:547) ~[ispigot.jar:git-iSpigot-PaperEdition]
	at net.minecraft.server.v1_8_R3.PlayerConnection.a(SourceFile:1900) ~[ispigot.jar:git-iSpigot-PaperEdition]
	at net.minecraft.server.v1_8_R3.PacketPlayInSetCreativeSlot.a(SourceFile:16) ~[ispigot.jar:git-iSpigot-PaperEdition]
	at net.minecraft.server.v1_8_R3.PacketPlayInSetCreativeSlot.a(SourceFile:7) ~[ispigot.jar:git-iSpigot-PaperEdition]
	at net.minecraft.server.v1_8_R3.PlayerConnectionUtils.lambda$ensureMainThread$0(SourceFile:14) ~[ispigot.jar:git-iSpigot-PaperEdition]
	at java.util.concurrent.Executors$RunnableAdapter.call(Unknown Source) ~[?:?]
	at spg.lgdev.thread.TimingCallable.call(SourceFile:24) ~[ispigot.jar:git-iSpigot-PaperEdition]
	at java.util.concurrent.FutureTask.run(Unknown Source) ~[?:?]
	at net.minecraft.server.v1_8_R3.SystemUtils.a(SystemUtils.java:10) ~[ispigot.jar:git-iSpigot-PaperEdition]
	at net.minecraft.server.v1_8_R3.MinecraftServer.tickWorlds(SourceFile:829) ~[ispigot.jar:git-iSpigot-PaperEdition]
	at net.minecraft.server.v1_8_R3.DedicatedServer.tickWorlds(SourceFile:349) ~[ispigot.jar:git-iSpigot-PaperEdition]
	at net.minecraft.server.v1_8_R3.MinecraftServer.tickServer(SourceFile:770) ~[ispigot.jar:git-iSpigot-PaperEdition]
	at net.minecraft.server.v1_8_R3.MinecraftServer.run(SourceFile:649) ~[ispigot.jar:git-iSpigot-PaperEdition]
	at java.util.concurrent.Executors$RunnableAdapter.call(Unknown Source) ~[?:?]
	at java.util.concurrent.FutureTask.runAndReset(Unknown Source) ~[?:?]
	at java.util.concurrent.ScheduledThreadPoolExecutor$ScheduledFutureTask.run(Unknown Source) ~[?:?]
	at java.util.concurrent.ThreadPoolExecutor.runWorker(Unknown Source) [?:?]
	at java.util.concurrent.ThreadPoolExecutor$Worker.run(Unknown Source) [?:?]
	at java.lang.Thread.run(Unknown Source) [?:?]
[19:34:36] [INFO]: [Server Thread] Nan0uche issued server command: /ast
[19:35:00] [INFO]: [Server Thread] Nan0uche issued server command: /ast
[19:35:01] [INFO]: [Server Thread] Nan0uche issued server command: /ast
[19:36:54] [INFO]: [enticator #12] UUID of player Fraizen_ is 904872e1-d827-4225-a873-432616d4f2b5
[19:36:54] [INFO]: [Server Thread] Fraizen_[/51.178.221.28:51853] logged in with entity id 164 at ([world]-301.5, 21.0, -239.5)
[19:37:01] [INFO]: [Server Thread] Fraizen_ issued server command: /tp Nan0uche
[19:37:01] [INFO]: [Server Thread] [Fraizen_: Teleported Fraizen_ to Nan0uche]
[19:37:47] [WARN]: [Server Thread] Fraizen_ moved wrongly!
[19:38:47] [INFO]: [Server Thread] Fraizen_ lost connection: Internal Exception: java.io.IOException: Connection reset by peer
[19:38:48] [INFO]: [Server Thread] Nan0uche issued server command: /inspect
[19:38:51] [INFO]: [Server Thread] Nan0uche issued server command: /ast
[19:38:53] [INFO]: [Server Thread] Nan0uche issued server command: /ast
[19:39:05] [INFO]: [Server Thread] Nan0uche lost connection: Disconnected
[19:40:28] [INFO]: [Server Thread] Alexandre01 issued server command: /gamemode O
[19:40:28] [INFO]: [Server Thread] [Alexandre01: 'O' is not a valid number]
[19:40:30] [INFO]: [Server Thread] Alexandre01 issued server command: /gamemode 0
[19:41:40] [WARN]: [Server Thread] Alexandre01 moved wrongly!
[19:41:40] [WARN]: [Server Thread] Alexandre01 moved wrongly!
[19:42:05] [WARN]: [Server Thread] Alexandre01 moved wrongly!
[19:42:07] [INFO]: [Server Thread] Alexandre01 issued server command: /gamemode 1
[19:42:07] [INFO]: [Server Thread] [Alexandre01: Set own game mode to Creative Mode]
[19:47:49] [INFO]: [1197412264-88] Running command getServerInfo []
[19:54:26] [INFO]: [1197412264-89] Running command getServerInfo []
[19:59:41] [INFO]: [enticator #13] UUID of player Nan0uche is 5052a309-eb6a-4bb0-85ac-2cad2b6a51ba
[19:59:41] [INFO]: [Server Thread] Nan0uche[/51.178.221.10:40685] logged in with entity id 187 at ([world]-301.5, 21.0, -239.5)
[20:00:26] [INFO]: [Server Thread] Nan0uche lost connection: Disconnected
[20:05:14] [INFO]: [197412264-912] Running command getServerInfo []
[20:06:43] [INFO]: [enticator #14] UUID of player Nan0uche is 5052a309-eb6a-4bb0-85ac-2cad2b6a51ba
[20:06:43] [INFO]: [Server Thread] Nan0uche[/217.182.27.242:48153] logged in with entity id 190 at ([world]-301.5, 21.0, -239.5)
[20:11:06] [INFO]: [Server Thread] Nan0uche lost connection: Disconnected
[20:45:50] [INFO]: [Server Thread] Alexandre01 issued server command: /network
[21:03:56] [INFO]: [Server Thread] Alexandre01 issued server command: /gamemode 3
[21:03:56] [INFO]: [Server Thread] [Alexandre01: Set own game mode to Spectator Mode]
[21:03:58] [INFO]: [Server Thread] Alexandre01 issued server command: /gamemode 1
[21:03:58] [INFO]: [Server Thread] [Alexandre01: Set own game mode to Creative Mode]
[21:05:16] [INFO]: [197412264-912] Running command getServerInfo []
[21:05:49] [INFO]: [Server Thread] Alexandre01 lost connection: Disconnected
[21:10:54] [INFO]: [Server Thread] Stopping the server
[21:10:54] [INFO]: [Server Thread] Waiting for lock to shutting down...
[21:10:54] [INFO]: [Server Thread] Stopping server
[21:10:54] [INFO]: [Server Thread] Stopping timings...
[21:10:54] [INFO]: [Server Thread] [WorldEdit] Disabling WorldEdit v6.1.7;dd00bb1
[21:10:54] [INFO]: [Server Thread] [Core] Disabling Core v1.0
[21:10:54] [INFO]: [Server Thread] [ArmorStandTools] Disabling ArmorStandTools v2.4.3
[21:10:54] [INFO]: [Server Thread] [TrixCore] Disabling TrixCore v1.0.0
[21:10:54] [INFO]: [Server Thread] Stopping server ...
[21:10:54] [INFO]: [Server Thread] Stopped ServerConnector@3c4da29c{HTTP/1.1, (http/1.1)}{0.0.0.0:17348}
[21:10:54] [INFO]: [Server Thread] Server stopped successfully
[21:10:54] [INFO]: [Server Thread] [UltraPermissions] Disabling UltraPermissions v4.9.0
[21:10:54] [INFO]: [Server Thread] [NametagEdit] Disabling NametagEdit v4.4.10
[21:10:54] [INFO]: [Server Thread] [FastAsyncWorldEdit] Disabling FastAsyncWorldEdit v19.11.13-5505943-1282-22.3.5
[21:10:54] [INFO]: [Server Thread] [AutoFly] Disabling AutoFly v1.2
[21:10:54] [INFO]: [Server Thread] Saving players
[21:10:54] [INFO]: [Server Thread] Saving worlds
[21:10:54] [INFO]: [Server Thread] Saving chunks for level 'world'/Overworld
[21:10:54] [INFO]: [Server Thread] Saving chunks for level 'world_the_end'/The End
